  Building Custom Rule C:/Github/AI_Project/AI for Games/CMakeLists.txt
  CMake does not need to re-run because C:\Github\AI_Project\AI for Games\bin\CMakeFiles\generate.stamp is up-to-date.
  SOIL.c
c:\github\ai_project\ai for games\external\soil\src\soil.c(1719): warning C4018: '<=': signed/unsigned mismatch
c:\github\ai_project\ai for games\external\soil\src\soil.c(1729): warning C4018: '<': signed/unsigned mismatch
c:\github\ai_project\ai for games\external\soil\src\soil.c(1867): warning C4267: 'function': conversion from 'size_t' to 'int', possible loss of data
c:\github\ai_project\ai for games\external\soil\src\soil.c(1841): warning C4996: 'fopen': This function or variable may be unsafe. Consider using fopen_s instead. To disable deprecation, use _CRT_SECURE_NO_WARNINGS. See online help for details.
  c:\program files (x86)\windows kits\10\include\10.0.17134.0\ucrt\stdio.h(208): note: see declaration of 'fopen'
  image_DXT.c
c:\github\ai_project\ai for games\external\soil\src\image_dxt.c(92): warning C4996: 'fopen': This function or variable may be unsafe. Consider using fopen_s instead. To disable deprecation, use _CRT_SECURE_NO_WARNINGS. See online help for details.
  c:\program files (x86)\windows kits\10\include\10.0.17134.0\ucrt\stdio.h(208): note: see declaration of 'fopen'
  image_helper.c
c:\github\ai_project\ai for games\external\soil\src\image_helper.c(325): warning C4244: 'initializing': conversion from 'double' to 'float', possible loss of data
c:\github\ai_project\ai for games\external\soil\src\image_helper.c(366): warning C4244: '=': conversion from 'double' to 'float', possible loss of data
c:\github\ai_project\ai for games\external\soil\src\image_helper.c(373): warning C4244: '=': conversion from 'float' to 'int', possible loss of data
c:\github\ai_project\ai for games\external\soil\src\image_helper.c(415): warning C4244: '=': conversion from 'double' to 'float', possible loss of data
c:\github\ai_project\ai for games\external\soil\src\image_helper.c(422): warning C4244: '=': conversion from 'float' to 'int', possible loss of data
  stb_image_aug.c
c:\github\ai_project\ai for games\external\soil\src\stb_image_aug.c(177): warning C4996: 'fopen': This function or variable may be unsafe. Consider using fopen_s instead. To disable deprecation, use _CRT_SECURE_NO_WARNINGS. See online help for details.
  c:\program files (x86)\windows kits\10\include\10.0.17134.0\ucrt\stdio.h(208): note: see declaration of 'fopen'
c:\github\ai_project\ai for games\external\soil\src\stb_image_aug.c(251): warning C4996: 'fopen': This function or variable may be unsafe. Consider using fopen_s instead. To disable deprecation, use _CRT_SECURE_NO_WARNINGS. See online help for details.
  c:\program files (x86)\windows kits\10\include\10.0.17134.0\ucrt\stdio.h(208): note: see declaration of 'fopen'
c:\github\ai_project\ai for games\external\soil\src\stb_image_aug.c(303): warning C4996: 'fopen': This function or variable may be unsafe. Consider using fopen_s instead. To disable deprecation, use _CRT_SECURE_NO_WARNINGS. See online help for details.
  c:\program files (x86)\windows kits\10\include\10.0.17134.0\ucrt\stdio.h(208): note: see declaration of 'fopen'
c:\github\ai_project\ai for games\external\soil\src\stb_image_aug.c(1557): warning C4996: 'fopen': This function or variable may be unsafe. Consider using fopen_s instead. To disable deprecation, use _CRT_SECURE_NO_WARNINGS. See online help for details.
  c:\program files (x86)\windows kits\10\include\10.0.17134.0\ucrt\stdio.h(208): note: see declaration of 'fopen'
c:\github\ai_project\ai for games\external\soil\src\stb_image_aug.c(2394): warning C4996: 'fopen': This function or variable may be unsafe. Consider using fopen_s instead. To disable deprecation, use _CRT_SECURE_NO_WARNINGS. See online help for details.
  c:\program files (x86)\windows kits\10\include\10.0.17134.0\ucrt\stdio.h(208): note: see declaration of 'fopen'
c:\github\ai_project\ai for games\external\soil\src\stb_image_aug.c(2709): warning C4996: 'fopen': This function or variable may be unsafe. Consider using fopen_s instead. To disable deprecation, use _CRT_SECURE_NO_WARNINGS. See online help for details.
  c:\program files (x86)\windows kits\10\include\10.0.17134.0\ucrt\stdio.h(208): note: see declaration of 'fopen'
c:\github\ai_project\ai for games\external\soil\src\stb_image_aug.c(2995): warning C4996: 'fopen': This function or variable may be unsafe. Consider using fopen_s instead. To disable deprecation, use _CRT_SECURE_NO_WARNINGS. See online help for details.
  c:\program files (x86)\windows kits\10\include\10.0.17134.0\ucrt\stdio.h(208): note: see declaration of 'fopen'
c:\github\ai_project\ai for games\external\soil\src\stb_image_aug.c(3209): warning C4996: 'fopen': This function or variable may be unsafe. Consider using fopen_s instead. To disable deprecation, use _CRT_SECURE_NO_WARNINGS. See online help for details.
  c:\program files (x86)\windows kits\10\include\10.0.17134.0\ucrt\stdio.h(208): note: see declaration of 'fopen'
c:\github\ai_project\ai for games\external\soil\src\stb_image_aug.c(3548): warning C4996: 'fopen': This function or variable may be unsafe. Consider using fopen_s instead. To disable deprecation, use _CRT_SECURE_NO_WARNINGS. See online help for details.
  c:\program files (x86)\windows kits\10\include\10.0.17134.0\ucrt\stdio.h(208): note: see declaration of 'fopen'
c:\github\ai_project\ai for games\external\soil\src\stb_image_aug.c(3644): warning C4996: 'fopen': This function or variable may be unsafe. Consider using fopen_s instead. To disable deprecation, use _CRT_SECURE_NO_WARNINGS. See online help for details.
  c:\program files (x86)\windows kits\10\include\10.0.17134.0\ucrt\stdio.h(208): note: see declaration of 'fopen'
c:\github\ai_project\ai for games\external\soil\src\stbi_dds_aug_c.h(362): warning C4018: '>': signed/unsigned mismatch
c:\github\ai_project\ai for games\external\soil\src\stbi_dds_aug_c.h(366): warning C4018: '>': signed/unsigned mismatch
c:\github\ai_project\ai for games\external\soil\src\stbi_dds_aug_c.h(390): warning C4018: '<': signed/unsigned mismatch
c:\github\ai_project\ai for games\external\soil\src\stbi_dds_aug_c.h(427): warning C4018: '<': signed/unsigned mismatch
c:\github\ai_project\ai for games\external\soil\src\stbi_dds_aug_c.h(498): warning C4996: 'fopen': This function or variable may be unsafe. Consider using fopen_s instead. To disable deprecation, use _CRT_SECURE_NO_WARNINGS. See online help for details.
  c:\program files (x86)\windows kits\10\include\10.0.17134.0\ucrt\stdio.h(208): note: see declaration of 'fopen'
  Generating Code...
  soil.vcxproj -> C:\Github\AI_Project\AI for Games\external\soil\build\Debug\soil_debug.lib
