  main.cpp
c:\github\ai_project\ai for games\src\tutorials\monopoly\mtrade.h(353): warning C4244: 'initializing': conversion from '_Ty' to 'float', possible loss of data
          with
          [
              _Ty=double
          ]
c:\github\ai_project\ai for games\src\tutorials\monopoly\mtrade.h(387): warning C4244: 'initializing': conversion from '_Ty' to 'float', possible loss of data
          with
          [
              _Ty=double
          ]
c:\github\ai_project\ai for games\src\tutorials\monopoly\mtrade.h(409): warning C4244: 'initializing': conversion from '_Ty' to 'float', possible loss of data
          with
          [
              _Ty=double
          ]
c:\github\ai_project\ai for games\src\tutorials\monopoly\mtrade.h(431): warning C4244: 'initializing': conversion from '_Ty' to 'float', possible loss of data
          with
          [
              _Ty=double
          ]
c:\github\ai_project\ai for games\src\tutorials\monopoly\mtrade.h(452): warning C4244: 'initializing': conversion from '_Ty' to 'float', possible loss of data
          with
          [
              _Ty=double
          ]
c:\github\ai_project\ai for games\src\tutorials\monopoly\net.h(133): warning C4267: 'initializing': conversion from 'size_t' to 'unsigned int', possible loss of data
c:\github\ai_project\ai for games\src\tutorials\monopoly\net.h(178): warning C4267: 'initializing': conversion from 'size_t' to 'unsigned int', possible loss of data
c:\github\ai_project\ai for games\src\tutorials\monopoly\net.h(187): warning C4267: 'initializing': conversion from 'size_t' to 'unsigned int', possible loss of data
c:\github\ai_project\ai for games\src\tutorials\monopoly\mfunctions.h(793): warning C4018: '<': signed/unsigned mismatch
c:\github\ai_project\ai for games\src\tutorials\monopoly\mfunctions.h(795): warning C4838: conversion from 'int' to 'SHORT' requires a narrowing conversion
c:\github\ai_project\ai for games\src\tutorials\monopoly\mfunctions.h(819): warning C4018: '>': signed/unsigned mismatch
c:\github\ai_project\ai for games\src\tutorials\monopoly\mfunctions.h(891): warning C4838: conversion from 'int' to 'SHORT' requires a narrowing conversion
c:\github\ai_project\ai for games\src\tutorials\monopoly\mfunctions.h(1135): warning C4838: conversion from 'int' to 'SHORT' requires a narrowing conversion
c:\github\ai_project\ai for games\src\tutorials\monopoly\main.cpp(74): warning C4244: 'argument': conversion from 'time_t' to 'unsigned int', possible loss of data
c:\github\ai_project\ai for games\src\tutorials\monopoly\mconstants.h(179): warning C4244: 'initializing': conversion from 'float' to 'T', possible loss of data
          with
          [
              T=int
          ]
  c:\github\ai_project\ai for games\src\tutorials\monopoly\mfunctions.h(242): note: see reference to function template instantiation 'T GetAverageVector<int>(std::vector<int,std::allocator<_Ty>>)' being compiled
          with
          [
              T=int,
              _Ty=int
          ]
c:\github\ai_project\ai for games\src\tutorials\monopoly\mconstants.h(181): warning C4244: 'return': conversion from 'float' to 'T', possible loss of data
          with
          [
              T=int
          ]
  Monopoly.vcxproj -> C:\Github\AI_Project\AI for Games\bin\Builds\Tutorials\Monopoly\Release\Monopoly.exe
  
  
